  Window.cpp
  Shader.cpp
  SceneNode.cpp
  Quaternion.cpp
  Plane.cpp
  OGLRenderer.cpp
c:\users\tywhi\documents\project & dissertation\project\clothsimulationproject\nclgl\oglrenderer.cpp(413): warning C4267: 'argument': conversion from 'size_t' to 'GLsizei', possible loss of data
  OBJMesh.cpp
c:\users\tywhi\documents\project & dissertation\project\clothsimulationproject\nclgl\objmesh.cpp(170): warning C4267: '=': conversion from 'size_t' to 'GLuint', possible loss of data
  Mouse.cpp
  Mesh.cpp
c:\users\tywhi\documents\project & dissertation\project\clothsimulationproject\nclgl\mesh.cpp(121): warning C4267: '=': conversion from 'size_t' to 'GLuint', possible loss of data
c:\users\tywhi\documents\project & dissertation\project\clothsimulationproject\nclgl\mesh.cpp(127): warning C4018: '<': signed/unsigned mismatch
  Matrix4.cpp
  Keyboard.cpp
  HeightMap.cpp
  GameTimer.cpp
  Frustum.cpp
  Camera.cpp
  Generating Code...
  nclgl.vcxproj -> C:\Users\tywhi\Documents\Project & Dissertation\Project\ClothSimulationProject\ClothSimulation\x64\Debug\nclgl.lib
